Namespace(active_random=0, batch_size=40, batch_size_test=10, dataset='mini_imagenet', dataset_root='datasets', dec_lr=15000, decay_interval=10000, exp_name='minimagenet_N5_S5', iterations=90000, log_interval=20, lr=0.001, metric_network='gnn_iclr_nl', momentum=0.5, no_cuda=False, save_interval=300000, seed=1, test_N_shots=5, test_N_way=5, test_interval=2000, test_samples=30000, train_N_shots=5, train_N_way=5, unlabeled_extra=0)
Using CPU
Namespace(active_random=0, batch_size=40, batch_size_test=10, dataset='mini_imagenet', dataset_root='datasets', dec_lr=15000, decay_interval=10000, exp_name='minimagenet_N5_S5', iterations=10000, log_interval=20, lr=0.001, metric_network='gnn_iclr_nl', momentum=0.5, no_cuda=False, save_interval=300000, seed=1, test_N_shots=5, test_N_way=5, test_interval=2000, test_samples=30000, train_N_shots=5, train_N_way=5, unlabeled_extra=0)
Using CPU
Batch size: 40
Initiallize new Network Weights for enc_nn
Initiallize new Network Weights for metric_nn
EmbeddingImagenet(
  (conv1): Conv2d(3, 64, kernel_size=(3, 3), stride=(1, 1), padding=(1, 1), bias=False)
  (bn1): BatchNorm2d(64, eps=1e-05, momentum=0.1, affine=True, track_running_stats=True)
  (conv2): Conv2d(64, 96, kernel_size=(3, 3), stride=(1, 1), bias=False)
  (bn2): BatchNorm2d(96, eps=1e-05, momentum=0.1, affine=True, track_running_stats=True)
  (conv3): Conv2d(96, 128, kernel_size=(3, 3), stride=(1, 1), padding=(1, 1), bias=False)
  (bn3): BatchNorm2d(128, eps=1e-05, momentum=0.1, affine=True, track_running_stats=True)
  (drop_3): Dropout2d(p=0.4, inplace=False)
  (conv4): Conv2d(128, 256, kernel_size=(3, 3), stride=(1, 1), padding=(1, 1), bias=False)
  (bn4): BatchNorm2d(256, eps=1e-05, momentum=0.1, affine=True, track_running_stats=True)
  (drop_4): Dropout2d(p=0.5, inplace=False)
  (fc1): Linear(in_features=6400, out_features=128, bias=True)
  (bn_fc): BatchNorm1d(128, eps=1e-05, momentum=0.1, affine=True, track_running_stats=True)
)
MetricNN(
  (gnn_obj): GNN_nl(
    (layer_w0): Wcompute(
      (conv2d_1): Conv2d(133, 192, kernel_size=(1, 1), stride=(1, 1))
      (bn_1): BatchNorm2d(192, eps=1e-05, momentum=0.1, affine=True, track_running_stats=True)
      (conv2d_2): Conv2d(192, 192, kernel_size=(1, 1), stride=(1, 1))
      (bn_2): BatchNorm2d(192, eps=1e-05, momentum=0.1, affine=True, track_running_stats=True)
      (conv2d_3): Conv2d(192, 96, kernel_size=(1, 1), stride=(1, 1))
      (bn_3): BatchNorm2d(96, eps=1e-05, momentum=0.1, affine=True, track_running_stats=True)
      (conv2d_4): Conv2d(96, 96, kernel_size=(1, 1), stride=(1, 1))
      (bn_4): BatchNorm2d(96, eps=1e-05, momentum=0.1, affine=True, track_running_stats=True)
      (conv2d_last): Conv2d(96, 1, kernel_size=(1, 1), stride=(1, 1))
    )
    (layer_l0): Gconv(
      (fc): Linear(in_features=266, out_features=48, bias=True)
      (bn): BatchNorm1d(48, eps=1e-05, momentum=0.1, affine=True, track_running_stats=True)
    )
    (layer_w1): Wcompute(
      (conv2d_1): Conv2d(181, 192, kernel_size=(1, 1), stride=(1, 1))
      (bn_1): BatchNorm2d(192, eps=1e-05, momentum=0.1, affine=True, track_running_stats=True)
      (conv2d_2): Conv2d(192, 192, kernel_size=(1, 1), stride=(1, 1))
      (bn_2): BatchNorm2d(192, eps=1e-05, momentum=0.1, affine=True, track_running_stats=True)
      (conv2d_3): Conv2d(192, 96, kernel_size=(1, 1), stride=(1, 1))
      (bn_3): BatchNorm2d(96, eps=1e-05, momentum=0.1, affine=True, track_running_stats=True)
      (conv2d_4): Conv2d(96, 96, kernel_size=(1, 1), stride=(1, 1))
      (bn_4): BatchNorm2d(96, eps=1e-05, momentum=0.1, affine=True, track_running_stats=True)
      (conv2d_last): Conv2d(96, 1, kernel_size=(1, 1), stride=(1, 1))
    )
    (layer_l1): Gconv(
      (fc): Linear(in_features=362, out_features=48, bias=True)
      (bn): BatchNorm1d(48, eps=1e-05, momentum=0.1, affine=True, track_running_stats=True)
    )
    (w_comp_last): Wcompute(
      (conv2d_1): Conv2d(229, 192, kernel_size=(1, 1), stride=(1, 1))
      (bn_1): BatchNorm2d(192, eps=1e-05, momentum=0.1, affine=True, track_running_stats=True)
      (conv2d_2): Conv2d(192, 192, kernel_size=(1, 1), stride=(1, 1))
      (bn_2): BatchNorm2d(192, eps=1e-05, momentum=0.1, affine=True, track_running_stats=True)
      (conv2d_3): Conv2d(192, 96, kernel_size=(1, 1), stride=(1, 1))
      (bn_3): BatchNorm2d(96, eps=1e-05, momentum=0.1, affine=True, track_running_stats=True)
      (conv2d_4): Conv2d(96, 96, kernel_size=(1, 1), stride=(1, 1))
      (bn_4): BatchNorm2d(96, eps=1e-05, momentum=0.1, affine=True, track_running_stats=True)
      (conv2d_last): Conv2d(96, 1, kernel_size=(1, 1), stride=(1, 1))
    )
    (layer_last): Gconv(
      (fc): Linear(in_features=458, out_features=5, bias=True)
    )
  )
)
Train Iter: 0	Loss_d_metric: 1.633944
Train Iter: 20	Loss_d_metric: 1.888253

**** TESTING WITH val ***
111 correct from 500 	Accuracy: 22.200%)
*** TEST FINISHED ***


**** TESTING WITH test ***
86 correct from 500 	Accuracy: 17.200%)
*** TEST FINISHED ***


**** TESTING WITH train ***
20 correct from 100 	Accuracy: 20.000%)
*** TEST FINISHED ***

Best test accuracy 17.2000 

Train Iter: 40	Loss_d_metric: 1.650979
Train Iter: 60	Loss_d_metric: 1.640070
Train Iter: 80	Loss_d_metric: 1.649572
Train Iter: 100	Loss_d_metric: 1.647371
Train Iter: 120	Loss_d_metric: 1.634470
Train Iter: 140	Loss_d_metric: 1.640114
Train Iter: 160	Loss_d_metric: 1.645986
Train Iter: 180	Loss_d_metric: 1.641992
Train Iter: 200	Loss_d_metric: 1.643808
Train Iter: 220	Loss_d_metric: 1.637189
Train Iter: 240	Loss_d_metric: 1.640284
Train Iter: 260	Loss_d_metric: 1.632629
Train Iter: 280	Loss_d_metric: 1.645304
Train Iter: 300	Loss_d_metric: 1.630257
Train Iter: 320	Loss_d_metric: 1.633851
Train Iter: 340	Loss_d_metric: 1.630321
Train Iter: 360	Loss_d_metric: 1.629111
Train Iter: 380	Loss_d_metric: 1.639591
Train Iter: 400	Loss_d_metric: 1.619984
Train Iter: 420	Loss_d_metric: 1.640519
Train Iter: 440	Loss_d_metric: 1.627363
Train Iter: 460	Loss_d_metric: 1.623700
Train Iter: 480	Loss_d_metric: 1.629439
Train Iter: 500	Loss_d_metric: 1.622062
Train Iter: 520	Loss_d_metric: 1.627768
Train Iter: 540	Loss_d_metric: 1.623537
Train Iter: 560	Loss_d_metric: 1.625722
Train Iter: 580	Loss_d_metric: 1.630030
Train Iter: 600	Loss_d_metric: 1.623095
Train Iter: 620	Loss_d_metric: 1.632028
Train Iter: 640	Loss_d_metric: 1.635826
Train Iter: 660	Loss_d_metric: 1.628494
Train Iter: 680	Loss_d_metric: 1.627896
Train Iter: 700	Loss_d_metric: 1.632009
Train Iter: 720	Loss_d_metric: 1.629686
Train Iter: 740	Loss_d_metric: 1.616018
Train Iter: 760	Loss_d_metric: 1.638268
Train Iter: 780	Loss_d_metric: 1.626237
Train Iter: 800	Loss_d_metric: 1.617084
Train Iter: 820	Loss_d_metric: 1.630296
Train Iter: 840	Loss_d_metric: 1.622901
Train Iter: 860	Loss_d_metric: 1.631561
Train Iter: 880	Loss_d_metric: 1.623035
Train Iter: 900	Loss_d_metric: 1.616770
Train Iter: 920	Loss_d_metric: 1.619405
Train Iter: 940	Loss_d_metric: 1.636315
Train Iter: 960	Loss_d_metric: 1.621984
Train Iter: 980	Loss_d_metric: 1.636000
Train Iter: 1000	Loss_d_metric: 1.615690
Train Iter: 1020	Loss_d_metric: 1.624300
Train Iter: 1040	Loss_d_metric: 1.620406
Train Iter: 1060	Loss_d_metric: 1.620416
Train Iter: 1080	Loss_d_metric: 1.620357
Train Iter: 1100	Loss_d_metric: 1.623108
Train Iter: 1120	Loss_d_metric: 1.629473
Train Iter: 1140	Loss_d_metric: 1.619387
Train Iter: 1160	Loss_d_metric: 1.624711
Train Iter: 1180	Loss_d_metric: 1.628696
Train Iter: 1200	Loss_d_metric: 1.616509
Train Iter: 1220	Loss_d_metric: 1.619732
Train Iter: 1240	Loss_d_metric: 1.618883
Train Iter: 1260	Loss_d_metric: 1.638506
Train Iter: 1280	Loss_d_metric: 1.627387
Train Iter: 1300	Loss_d_metric: 1.615746
Train Iter: 1320	Loss_d_metric: 1.617021
Train Iter: 1340	Loss_d_metric: 1.612271
Train Iter: 1360	Loss_d_metric: 1.612415
Train Iter: 1380	Loss_d_metric: 1.620920
Train Iter: 1400	Loss_d_metric: 1.620370
Train Iter: 1420	Loss_d_metric: 1.630393
Train Iter: 1440	Loss_d_metric: 1.619675
Train Iter: 1460	Loss_d_metric: 1.618318
Train Iter: 1480	Loss_d_metric: 1.620223
Train Iter: 1500	Loss_d_metric: 1.619839
Train Iter: 1520	Loss_d_metric: 1.620908
Train Iter: 1540	Loss_d_metric: 1.617344
Train Iter: 1560	Loss_d_metric: 1.615385
Train Iter: 1580	Loss_d_metric: 1.608969
Train Iter: 1600	Loss_d_metric: 1.600930
Train Iter: 1620	Loss_d_metric: 1.615479
Train Iter: 1640	Loss_d_metric: 1.614527
Train Iter: 1660	Loss_d_metric: 1.621589
Train Iter: 1680	Loss_d_metric: 1.614113
Train Iter: 1700	Loss_d_metric: 1.607235
Train Iter: 1720	Loss_d_metric: 1.614328
Train Iter: 1740	Loss_d_metric: 1.607368
Train Iter: 1760	Loss_d_metric: 1.594926
Train Iter: 1780	Loss_d_metric: 1.603857
Train Iter: 1800	Loss_d_metric: 1.607881
Train Iter: 1820	Loss_d_metric: 1.600677
Train Iter: 1840	Loss_d_metric: 1.595978
Train Iter: 1860	Loss_d_metric: 1.609055
Train Iter: 1880	Loss_d_metric: 1.613338
Train Iter: 1900	Loss_d_metric: 1.595360
Train Iter: 1920	Loss_d_metric: 1.589889
Train Iter: 1940	Loss_d_metric: 1.576919
Train Iter: 1960	Loss_d_metric: 1.571333
Train Iter: 1980	Loss_d_metric: 1.570936

**** TESTING WITH val ***
306 correct from 1000 	Accuracy: 30.600%)
611 correct from 2000 	Accuracy: 30.550%)
904 correct from 3000 	Accuracy: 30.133%)
1210 correct from 4000 	Accuracy: 30.250%)
1504 correct from 5000 	Accuracy: 30.080%)
1813 correct from 6000 	Accuracy: 30.217%)
2110 correct from 7000 	Accuracy: 30.143%)
2404 correct from 8000 	Accuracy: 30.050%)
2695 correct from 9000 	Accuracy: 29.944%)
2987 correct from 10000 	Accuracy: 29.870%)
3278 correct from 11000 	Accuracy: 29.800%)
3560 correct from 12000 	Accuracy: 29.667%)
3883 correct from 13000 	Accuracy: 29.869%)
4158 correct from 14000 	Accuracy: 29.700%)
4444 correct from 15000 	Accuracy: 29.627%)
4444 correct from 15000 	Accuracy: 29.627%)
*** TEST FINISHED ***


**** TESTING WITH test ***
318 correct from 1000 	Accuracy: 31.800%)
644 correct from 2000 	Accuracy: 32.200%)
955 correct from 3000 	Accuracy: 31.833%)
1280 correct from 4000 	Accuracy: 32.000%)
1585 correct from 5000 	Accuracy: 31.700%)
1908 correct from 6000 	Accuracy: 31.800%)
2215 correct from 7000 	Accuracy: 31.643%)
2523 correct from 8000 	Accuracy: 31.538%)
2807 correct from 9000 	Accuracy: 31.189%)
3103 correct from 10000 	Accuracy: 31.030%)
3408 correct from 11000 	Accuracy: 30.982%)
3709 correct from 12000 	Accuracy: 30.908%)
4005 correct from 13000 	Accuracy: 30.808%)
4307 correct from 14000 	Accuracy: 30.764%)
4601 correct from 15000 	Accuracy: 30.673%)
4601 correct from 15000 	Accuracy: 30.673%)
*** TEST FINISHED ***


**** TESTING WITH train ***
303 correct from 1000 	Accuracy: 30.300%)
632 correct from 2000 	Accuracy: 31.600%)
987 correct from 3000 	Accuracy: 32.900%)
987 correct from 3000 	Accuracy: 32.900%)
*** TEST FINISHED ***

Best test accuracy 30.6733 

Train Iter: 2000	Loss_d_metric: 1.567780
Train Iter: 2020	Loss_d_metric: 1.568902
Train Iter: 2040	Loss_d_metric: 1.552801
Train Iter: 2060	Loss_d_metric: 1.549882
Train Iter: 2080	Loss_d_metric: 1.538220
Train Iter: 2100	Loss_d_metric: 1.535354
Train Iter: 2120	Loss_d_metric: 1.547017
Train Iter: 2140	Loss_d_metric: 1.535832
Train Iter: 2160	Loss_d_metric: 1.520084
Train Iter: 2180	Loss_d_metric: 1.530224
Train Iter: 2200	Loss_d_metric: 1.499823
Train Iter: 2220	Loss_d_metric: 1.503330
Train Iter: 2240	Loss_d_metric: 1.498357
Train Iter: 2260	Loss_d_metric: 1.513776
Train Iter: 2280	Loss_d_metric: 1.456469
Train Iter: 2300	Loss_d_metric: 1.509999
Train Iter: 2320	Loss_d_metric: 1.499468
Train Iter: 2340	Loss_d_metric: 1.505162
Train Iter: 2360	Loss_d_metric: 1.458059
Train Iter: 2380	Loss_d_metric: 1.419923
Train Iter: 2400	Loss_d_metric: 1.473234
Train Iter: 2420	Loss_d_metric: 1.424551
Train Iter: 2440	Loss_d_metric: 1.420679
Train Iter: 2460	Loss_d_metric: 1.471311
Train Iter: 2480	Loss_d_metric: 1.435907
Train Iter: 2500	Loss_d_metric: 1.460578
Train Iter: 2520	Loss_d_metric: 1.400245
Train Iter: 2540	Loss_d_metric: 1.409208
Train Iter: 2560	Loss_d_metric: 1.420376
Train Iter: 2580	Loss_d_metric: 1.417300
Train Iter: 2600	Loss_d_metric: 1.444427
Train Iter: 2620	Loss_d_metric: 1.408509
Train Iter: 2640	Loss_d_metric: 1.410139
Train Iter: 2660	Loss_d_metric: 1.397271
Train Iter: 2680	Loss_d_metric: 1.425592
Train Iter: 2700	Loss_d_metric: 1.429428
Train Iter: 2720	Loss_d_metric: 1.397461
Train Iter: 2740	Loss_d_metric: 1.377874
Train Iter: 2760	Loss_d_metric: 1.418195
Train Iter: 2780	Loss_d_metric: 1.338119
Train Iter: 2800	Loss_d_metric: 1.437566
Train Iter: 2820	Loss_d_metric: 1.375916
Train Iter: 2840	Loss_d_metric: 1.347181
Train Iter: 2860	Loss_d_metric: 1.389188
Train Iter: 2880	Loss_d_metric: 1.366996
Train Iter: 2900	Loss_d_metric: 1.362751
Train Iter: 2920	Loss_d_metric: 1.397589
Train Iter: 2940	Loss_d_metric: 1.377717
Train Iter: 2960	Loss_d_metric: 1.406805
Train Iter: 2980	Loss_d_metric: 1.380744
Train Iter: 3000	Loss_d_metric: 1.332092
Train Iter: 3020	Loss_d_metric: 1.355694
Train Iter: 3040	Loss_d_metric: 1.358162
Train Iter: 3060	Loss_d_metric: 1.335403
Train Iter: 3080	Loss_d_metric: 1.346610
Train Iter: 3100	Loss_d_metric: 1.358562
Train Iter: 3120	Loss_d_metric: 1.315648
Train Iter: 3140	Loss_d_metric: 1.403566
Train Iter: 3160	Loss_d_metric: 1.347484
Train Iter: 3180	Loss_d_metric: 1.370672
Train Iter: 3200	Loss_d_metric: 1.355645
Train Iter: 3220	Loss_d_metric: 1.358877
Train Iter: 3240	Loss_d_metric: 1.326601
Train Iter: 3260	Loss_d_metric: 1.286819
Train Iter: 3280	Loss_d_metric: 1.316773
Train Iter: 3300	Loss_d_metric: 1.282314
Train Iter: 3320	Loss_d_metric: 1.335835
Train Iter: 3340	Loss_d_metric: 1.313960
Train Iter: 3360	Loss_d_metric: 1.323227
Train Iter: 3380	Loss_d_metric: 1.304766
Train Iter: 3400	Loss_d_metric: 1.271737
Train Iter: 3420	Loss_d_metric: 1.333631
Train Iter: 3440	Loss_d_metric: 1.283240
Train Iter: 3460	Loss_d_metric: 1.322229
Train Iter: 3480	Loss_d_metric: 1.295309
Train Iter: 3500	Loss_d_metric: 1.237072
Train Iter: 3520	Loss_d_metric: 1.278417
Train Iter: 3540	Loss_d_metric: 1.324305
Train Iter: 3560	Loss_d_metric: 1.279518
Train Iter: 3580	Loss_d_metric: 1.248834
Train Iter: 3600	Loss_d_metric: 1.234266
Train Iter: 3620	Loss_d_metric: 1.246989
Train Iter: 3640	Loss_d_metric: 1.295258
Train Iter: 3660	Loss_d_metric: 1.284693
Train Iter: 3680	Loss_d_metric: 1.194542
Train Iter: 3700	Loss_d_metric: 1.263363
Train Iter: 3720	Loss_d_metric: 1.266596
Train Iter: 3740	Loss_d_metric: 1.273692
Train Iter: 3760	Loss_d_metric: 1.286654
Train Iter: 3780	Loss_d_metric: 1.225393
Train Iter: 3800	Loss_d_metric: 1.187889
Train Iter: 3820	Loss_d_metric: 1.271458
Train Iter: 3840	Loss_d_metric: 1.271190
Train Iter: 3860	Loss_d_metric: 1.269788
Train Iter: 3880	Loss_d_metric: 1.179613
Train Iter: 3900	Loss_d_metric: 1.219702
Train Iter: 3920	Loss_d_metric: 1.208059
Train Iter: 3940	Loss_d_metric: 1.212943
Train Iter: 3960	Loss_d_metric: 1.254332
Train Iter: 3980	Loss_d_metric: 1.205437

**** TESTING WITH val ***
466 correct from 1000 	Accuracy: 46.600%)
951 correct from 2000 	Accuracy: 47.550%)
1421 correct from 3000 	Accuracy: 47.367%)
1897 correct from 4000 	Accuracy: 47.425%)
2350 correct from 5000 	Accuracy: 47.000%)
2825 correct from 6000 	Accuracy: 47.083%)
3261 correct from 7000 	Accuracy: 46.586%)
3725 correct from 8000 	Accuracy: 46.562%)
4182 correct from 9000 	Accuracy: 46.467%)
4678 correct from 10000 	Accuracy: 46.780%)
5149 correct from 11000 	Accuracy: 46.809%)
5589 correct from 12000 	Accuracy: 46.575%)
6044 correct from 13000 	Accuracy: 46.492%)
6501 correct from 14000 	Accuracy: 46.436%)
6961 correct from 15000 	Accuracy: 46.407%)
6961 correct from 15000 	Accuracy: 46.407%)
*** TEST FINISHED ***


**** TESTING WITH test ***
444 correct from 1000 	Accuracy: 44.400%)
902 correct from 2000 	Accuracy: 45.100%)
1372 correct from 3000 	Accuracy: 45.733%)
1843 correct from 4000 	Accuracy: 46.075%)
2315 correct from 5000 	Accuracy: 46.300%)
2782 correct from 6000 	Accuracy: 46.367%)
3281 correct from 7000 	Accuracy: 46.871%)
3781 correct from 8000 	Accuracy: 47.263%)
4269 correct from 9000 	Accuracy: 47.433%)
4708 correct from 10000 	Accuracy: 47.080%)
5164 correct from 11000 	Accuracy: 46.945%)
5640 correct from 12000 	Accuracy: 47.000%)
6104 correct from 13000 	Accuracy: 46.954%)
6578 correct from 14000 	Accuracy: 46.986%)
7067 correct from 15000 	Accuracy: 47.113%)
7067 correct from 15000 	Accuracy: 47.113%)
*** TEST FINISHED ***


**** TESTING WITH train ***
517 correct from 1000 	Accuracy: 51.700%)
1052 correct from 2000 	Accuracy: 52.600%)
1578 correct from 3000 	Accuracy: 52.600%)
1578 correct from 3000 	Accuracy: 52.600%)
*** TEST FINISHED ***

Best test accuracy 47.1133 

Train Iter: 4000	Loss_d_metric: 1.258990
Train Iter: 4020	Loss_d_metric: 1.251455
Train Iter: 4040	Loss_d_metric: 1.223673
Train Iter: 4060	Loss_d_metric: 1.249280
Train Iter: 4080	Loss_d_metric: 1.273095
Train Iter: 4100	Loss_d_metric: 1.204440
Train Iter: 4120	Loss_d_metric: 1.198623
Train Iter: 4140	Loss_d_metric: 1.199344
Train Iter: 4160	Loss_d_metric: 1.199317
Train Iter: 4180	Loss_d_metric: 1.174202
Train Iter: 4200	Loss_d_metric: 1.233235
Train Iter: 4220	Loss_d_metric: 1.197892
Train Iter: 4240	Loss_d_metric: 1.203073
Train Iter: 4260	Loss_d_metric: 1.177582
Train Iter: 4280	Loss_d_metric: 1.267143
Train Iter: 4300	Loss_d_metric: 1.202794
Train Iter: 4320	Loss_d_metric: 1.191004
Train Iter: 4340	Loss_d_metric: 1.238586
Train Iter: 4360	Loss_d_metric: 1.178117
Train Iter: 4380	Loss_d_metric: 1.206362
Train Iter: 4400	Loss_d_metric: 1.174852
Train Iter: 4420	Loss_d_metric: 1.172290
Train Iter: 4440	Loss_d_metric: 1.245111
Train Iter: 4460	Loss_d_metric: 1.196627
Train Iter: 4480	Loss_d_metric: 1.196391
Train Iter: 4500	Loss_d_metric: 1.120742
Train Iter: 4520	Loss_d_metric: 1.145831
Train Iter: 4540	Loss_d_metric: 1.166631
Train Iter: 4560	Loss_d_metric: 1.191531
Train Iter: 4580	Loss_d_metric: 1.178711
Train Iter: 4600	Loss_d_metric: 1.145674
Train Iter: 4620	Loss_d_metric: 1.175160
Train Iter: 4640	Loss_d_metric: 1.132841
Train Iter: 4660	Loss_d_metric: 1.169924
Train Iter: 4680	Loss_d_metric: 1.209013
Train Iter: 4700	Loss_d_metric: 1.263493
Train Iter: 4720	Loss_d_metric: 1.140597
Train Iter: 4740	Loss_d_metric: 1.177296
Train Iter: 4760	Loss_d_metric: 1.149730
Train Iter: 4780	Loss_d_metric: 1.072615
Train Iter: 4800	Loss_d_metric: 1.117703
Train Iter: 4820	Loss_d_metric: 1.142793
Train Iter: 4840	Loss_d_metric: 1.130684
Train Iter: 4860	Loss_d_metric: 1.166956
Train Iter: 4880	Loss_d_metric: 1.094966
Train Iter: 4900	Loss_d_metric: 1.162449
Train Iter: 4920	Loss_d_metric: 1.122060
Train Iter: 4940	Loss_d_metric: 1.183352
Train Iter: 4960	Loss_d_metric: 1.145033
Train Iter: 4980	Loss_d_metric: 1.134859
Train Iter: 5000	Loss_d_metric: 1.171262
Train Iter: 5020	Loss_d_metric: 1.186896
Train Iter: 5040	Loss_d_metric: 1.162198
Train Iter: 5060	Loss_d_metric: 1.132413
Train Iter: 5080	Loss_d_metric: 1.153274
Train Iter: 5100	Loss_d_metric: 1.099976
Train Iter: 5120	Loss_d_metric: 1.132291
Train Iter: 5140	Loss_d_metric: 1.140357
Train Iter: 5160	Loss_d_metric: 1.155493
Train Iter: 5180	Loss_d_metric: 1.124775
Train Iter: 5200	Loss_d_metric: 1.124070
Train Iter: 5220	Loss_d_metric: 1.128258
Train Iter: 5240	Loss_d_metric: 1.119124
Train Iter: 5260	Loss_d_metric: 1.072799
Train Iter: 5280	Loss_d_metric: 1.140919
Train Iter: 5300	Loss_d_metric: 1.119554
Train Iter: 5320	Loss_d_metric: 1.191399
Train Iter: 5340	Loss_d_metric: 1.104995
Train Iter: 5360	Loss_d_metric: 1.063619
Train Iter: 5380	Loss_d_metric: 1.170228
Train Iter: 5400	Loss_d_metric: 1.127789
Train Iter: 5420	Loss_d_metric: 1.086382
Train Iter: 5440	Loss_d_metric: 1.130932
Train Iter: 5460	Loss_d_metric: 1.120867
Train Iter: 5480	Loss_d_metric: 1.142393
Train Iter: 5500	Loss_d_metric: 1.120451
Train Iter: 5520	Loss_d_metric: 1.090104
Train Iter: 5540	Loss_d_metric: 1.083398
Train Iter: 5560	Loss_d_metric: 1.114339
Train Iter: 5580	Loss_d_metric: 1.077588
Train Iter: 5600	Loss_d_metric: 1.097705
Train Iter: 5620	Loss_d_metric: 1.078339
Train Iter: 5640	Loss_d_metric: 1.124091
Train Iter: 5660	Loss_d_metric: 1.127203
Train Iter: 5680	Loss_d_metric: 1.133444
Train Iter: 5700	Loss_d_metric: 1.098148
Train Iter: 5720	Loss_d_metric: 1.179282
Train Iter: 5740	Loss_d_metric: 1.051171
Train Iter: 5760	Loss_d_metric: 1.081026
Train Iter: 5780	Loss_d_metric: 1.108206
Train Iter: 5800	Loss_d_metric: 1.056676
Train Iter: 5820	Loss_d_metric: 1.121347
Train Iter: 5840	Loss_d_metric: 1.075891
Train Iter: 5860	Loss_d_metric: 1.155146
Train Iter: 5880	Loss_d_metric: 1.029100
Train Iter: 5900	Loss_d_metric: 1.071050
Train Iter: 5920	Loss_d_metric: 1.059952
Train Iter: 5940	Loss_d_metric: 1.074158
Train Iter: 5960	Loss_d_metric: 1.038747
Train Iter: 5980	Loss_d_metric: 1.072836

**** TESTING WITH val ***
534 correct from 1000 	Accuracy: 53.400%)
1042 correct from 2000 	Accuracy: 52.100%)
1549 correct from 3000 	Accuracy: 51.633%)
2052 correct from 4000 	Accuracy: 51.300%)
2560 correct from 5000 	Accuracy: 51.200%)
3075 correct from 6000 	Accuracy: 51.250%)
3581 correct from 7000 	Accuracy: 51.157%)
4085 correct from 8000 	Accuracy: 51.062%)
4608 correct from 9000 	Accuracy: 51.200%)
5136 correct from 10000 	Accuracy: 51.360%)
5642 correct from 11000 	Accuracy: 51.291%)
6151 correct from 12000 	Accuracy: 51.258%)
6662 correct from 13000 	Accuracy: 51.246%)
7191 correct from 14000 	Accuracy: 51.364%)
7694 correct from 15000 	Accuracy: 51.293%)
7694 correct from 15000 	Accuracy: 51.293%)
*** TEST FINISHED ***


**** TESTING WITH test ***
526 correct from 1000 	Accuracy: 52.600%)
1036 correct from 2000 	Accuracy: 51.800%)
1537 correct from 3000 	Accuracy: 51.233%)
2096 correct from 4000 	Accuracy: 52.400%)
2599 correct from 5000 	Accuracy: 51.980%)
3151 correct from 6000 	Accuracy: 52.517%)
3696 correct from 7000 	Accuracy: 52.800%)
4211 correct from 8000 	Accuracy: 52.638%)
4728 correct from 9000 	Accuracy: 52.533%)
5237 correct from 10000 	Accuracy: 52.370%)
5777 correct from 11000 	Accuracy: 52.518%)
6298 correct from 12000 	Accuracy: 52.483%)
6835 correct from 13000 	Accuracy: 52.577%)
7359 correct from 14000 	Accuracy: 52.564%)
7885 correct from 15000 	Accuracy: 52.567%)
7885 correct from 15000 	Accuracy: 52.567%)
*** TEST FINISHED ***


**** TESTING WITH train ***
620 correct from 1000 	Accuracy: 62.000%)
1206 correct from 2000 	Accuracy: 60.300%)
1816 correct from 3000 	Accuracy: 60.533%)
1816 correct from 3000 	Accuracy: 60.533%)
*** TEST FINISHED ***

Best test accuracy 52.5667 

Train Iter: 6000	Loss_d_metric: 1.054498
Train Iter: 6020	Loss_d_metric: 1.065685
Train Iter: 6040	Loss_d_metric: 1.047068
Train Iter: 6060	Loss_d_metric: 1.122792
Train Iter: 6080	Loss_d_metric: 1.069030
Train Iter: 6100	Loss_d_metric: 1.133160
Train Iter: 6120	Loss_d_metric: 1.103016
Train Iter: 6140	Loss_d_metric: 1.042123
Train Iter: 6160	Loss_d_metric: 1.088571
Train Iter: 6180	Loss_d_metric: 0.995608
Train Iter: 6200	Loss_d_metric: 1.047670
Train Iter: 6220	Loss_d_metric: 1.026750
Train Iter: 6240	Loss_d_metric: 1.072879
Train Iter: 6260	Loss_d_metric: 1.040339
Train Iter: 6280	Loss_d_metric: 1.030973
Train Iter: 6300	Loss_d_metric: 1.034575
Train Iter: 6320	Loss_d_metric: 1.022992
Train Iter: 6340	Loss_d_metric: 1.050705
Train Iter: 6360	Loss_d_metric: 1.023097
Train Iter: 6380	Loss_d_metric: 1.183833
Train Iter: 6400	Loss_d_metric: 1.057885
Train Iter: 6420	Loss_d_metric: 1.061823
Train Iter: 6440	Loss_d_metric: 0.995210
Train Iter: 6460	Loss_d_metric: 1.044143
Train Iter: 6480	Loss_d_metric: 0.985541
Train Iter: 6500	Loss_d_metric: 1.047542
Train Iter: 6520	Loss_d_metric: 1.061925
Train Iter: 6540	Loss_d_metric: 1.046117
Train Iter: 6560	Loss_d_metric: 1.034486
Train Iter: 6580	Loss_d_metric: 1.078913
Train Iter: 6600	Loss_d_metric: 1.086590
Train Iter: 6620	Loss_d_metric: 1.053413
Train Iter: 6640	Loss_d_metric: 1.048265
Train Iter: 6660	Loss_d_metric: 1.011171
Train Iter: 6680	Loss_d_metric: 1.042696
Train Iter: 6700	Loss_d_metric: 0.984061
Train Iter: 6720	Loss_d_metric: 1.050285
Train Iter: 6740	Loss_d_metric: 1.032574
Train Iter: 6760	Loss_d_metric: 0.990514
Train Iter: 6780	Loss_d_metric: 0.994953
Train Iter: 6800	Loss_d_metric: 1.055422
Train Iter: 6820	Loss_d_metric: 0.974208
Train Iter: 6840	Loss_d_metric: 0.969483
Train Iter: 6860	Loss_d_metric: 1.020746
Train Iter: 6880	Loss_d_metric: 1.029777
Train Iter: 6900	Loss_d_metric: 1.048940
Train Iter: 6920	Loss_d_metric: 0.989114
Train Iter: 6940	Loss_d_metric: 1.004790
Train Iter: 6960	Loss_d_metric: 1.018258
Train Iter: 6980	Loss_d_metric: 1.008689
Train Iter: 7000	Loss_d_metric: 0.997526
Train Iter: 7020	Loss_d_metric: 1.026224
Train Iter: 7040	Loss_d_metric: 0.994830
Train Iter: 7060	Loss_d_metric: 1.036211
Train Iter: 7080	Loss_d_metric: 1.032614
Train Iter: 7100	Loss_d_metric: 0.992047
Train Iter: 7120	Loss_d_metric: 1.040857
Train Iter: 7140	Loss_d_metric: 1.044333
Train Iter: 7160	Loss_d_metric: 1.063564
Train Iter: 7180	Loss_d_metric: 1.010126
Train Iter: 7200	Loss_d_metric: 0.959295
Train Iter: 7220	Loss_d_metric: 1.034533
Train Iter: 7240	Loss_d_metric: 0.980271
Train Iter: 7260	Loss_d_metric: 0.980736
Train Iter: 7280	Loss_d_metric: 1.032395
Train Iter: 7300	Loss_d_metric: 1.003272
Train Iter: 7320	Loss_d_metric: 0.999613
Train Iter: 7340	Loss_d_metric: 0.998685
Train Iter: 7360	Loss_d_metric: 0.949194
Train Iter: 7380	Loss_d_metric: 1.016600
Train Iter: 7400	Loss_d_metric: 1.034274
Train Iter: 7420	Loss_d_metric: 1.002386
Train Iter: 7440	Loss_d_metric: 0.968396
Train Iter: 7460	Loss_d_metric: 1.012121
Train Iter: 7480	Loss_d_metric: 1.020790
Train Iter: 7500	Loss_d_metric: 0.974704
Train Iter: 7520	Loss_d_metric: 1.043727
Train Iter: 7540	Loss_d_metric: 1.008864
Train Iter: 7560	Loss_d_metric: 0.997065
Train Iter: 7580	Loss_d_metric: 0.961812
Train Iter: 7600	Loss_d_metric: 1.044739
Train Iter: 7620	Loss_d_metric: 0.988339
Train Iter: 7640	Loss_d_metric: 0.998429
Train Iter: 7660	Loss_d_metric: 1.014627
Train Iter: 7680	Loss_d_metric: 1.018332
Train Iter: 7700	Loss_d_metric: 0.938292
Train Iter: 7720	Loss_d_metric: 1.016828
Train Iter: 7740	Loss_d_metric: 0.957407
Train Iter: 7760	Loss_d_metric: 0.934260
Train Iter: 7780	Loss_d_metric: 0.950222
Train Iter: 7800	Loss_d_metric: 1.038673
Train Iter: 7820	Loss_d_metric: 0.925646
Train Iter: 7840	Loss_d_metric: 0.960149
Train Iter: 7860	Loss_d_metric: 1.020145
Train Iter: 7880	Loss_d_metric: 0.968533
Train Iter: 7900	Loss_d_metric: 1.033409
Train Iter: 7920	Loss_d_metric: 1.012233
Train Iter: 7940	Loss_d_metric: 1.001014
Train Iter: 7960	Loss_d_metric: 0.973040
Train Iter: 7980	Loss_d_metric: 0.984769

**** TESTING WITH val ***
562 correct from 1000 	Accuracy: 56.200%)
1148 correct from 2000 	Accuracy: 57.400%)
1717 correct from 3000 	Accuracy: 57.233%)
2276 correct from 4000 	Accuracy: 56.900%)
2830 correct from 5000 	Accuracy: 56.600%)
3384 correct from 6000 	Accuracy: 56.400%)
3934 correct from 7000 	Accuracy: 56.200%)
4489 correct from 8000 	Accuracy: 56.112%)
5031 correct from 9000 	Accuracy: 55.900%)
5619 correct from 10000 	Accuracy: 56.190%)
6207 correct from 11000 	Accuracy: 56.427%)
6746 correct from 12000 	Accuracy: 56.217%)
7328 correct from 13000 	Accuracy: 56.369%)
7911 correct from 14000 	Accuracy: 56.507%)
8475 correct from 15000 	Accuracy: 56.500%)
8475 correct from 15000 	Accuracy: 56.500%)
*** TEST FINISHED ***


**** TESTING WITH test ***
565 correct from 1000 	Accuracy: 56.500%)
1148 correct from 2000 	Accuracy: 57.400%)
1707 correct from 3000 	Accuracy: 56.900%)
2293 correct from 4000 	Accuracy: 57.325%)
2857 correct from 5000 	Accuracy: 57.140%)
3423 correct from 6000 	Accuracy: 57.050%)
4014 correct from 7000 	Accuracy: 57.343%)
4598 correct from 8000 	Accuracy: 57.475%)
5154 correct from 9000 	Accuracy: 57.267%)
5711 correct from 10000 	Accuracy: 57.110%)
6281 correct from 11000 	Accuracy: 57.100%)
6833 correct from 12000 	Accuracy: 56.942%)
7411 correct from 13000 	Accuracy: 57.008%)
7986 correct from 14000 	Accuracy: 57.043%)
8569 correct from 15000 	Accuracy: 57.127%)
8569 correct from 15000 	Accuracy: 57.127%)
*** TEST FINISHED ***


**** TESTING WITH train ***
684 correct from 1000 	Accuracy: 68.400%)
1366 correct from 2000 	Accuracy: 68.300%)
2015 correct from 3000 	Accuracy: 67.167%)
2015 correct from 3000 	Accuracy: 67.167%)
*** TEST FINISHED ***

Best test accuracy 57.1267 

Train Iter: 8000	Loss_d_metric: 0.950481
Train Iter: 8020	Loss_d_metric: 0.956180
Train Iter: 8040	Loss_d_metric: 0.981760
Train Iter: 8060	Loss_d_metric: 0.976119
Train Iter: 8080	Loss_d_metric: 0.968816
Train Iter: 8100	Loss_d_metric: 1.000904
Train Iter: 8120	Loss_d_metric: 1.050695
Train Iter: 8140	Loss_d_metric: 1.004590
Train Iter: 8160	Loss_d_metric: 0.941632
Train Iter: 8180	Loss_d_metric: 0.964868
Train Iter: 8200	Loss_d_metric: 0.994862
Train Iter: 8220	Loss_d_metric: 0.990538
Train Iter: 8240	Loss_d_metric: 0.992090
Train Iter: 8260	Loss_d_metric: 0.952697
Train Iter: 8280	Loss_d_metric: 0.969024
Train Iter: 8300	Loss_d_metric: 0.960610
Train Iter: 8320	Loss_d_metric: 0.999026
Train Iter: 8340	Loss_d_metric: 0.911460
Train Iter: 8360	Loss_d_metric: 0.932692
Train Iter: 8380	Loss_d_metric: 1.011298
Train Iter: 8400	Loss_d_metric: 1.014094
Train Iter: 8420	Loss_d_metric: 0.928527
Train Iter: 8440	Loss_d_metric: 1.003925
Train Iter: 8460	Loss_d_metric: 0.919151
Train Iter: 8480	Loss_d_metric: 0.975089
Train Iter: 8500	Loss_d_metric: 0.956859
Train Iter: 8520	Loss_d_metric: 0.895078
Train Iter: 8540	Loss_d_metric: 0.984156
Train Iter: 8560	Loss_d_metric: 0.984854
Train Iter: 8580	Loss_d_metric: 0.999495
Train Iter: 8600	Loss_d_metric: 0.875384
Train Iter: 8620	Loss_d_metric: 0.967249
Train Iter: 8640	Loss_d_metric: 0.931830
Train Iter: 8660	Loss_d_metric: 0.988441
Train Iter: 8680	Loss_d_metric: 0.970533
Train Iter: 8700	Loss_d_metric: 0.977180
Train Iter: 8720	Loss_d_metric: 0.937457
Train Iter: 8740	Loss_d_metric: 0.963524
Train Iter: 8760	Loss_d_metric: 0.955976
Train Iter: 8780	Loss_d_metric: 0.942115
Train Iter: 8800	Loss_d_metric: 0.931663
Train Iter: 8820	Loss_d_metric: 0.922488
Train Iter: 8840	Loss_d_metric: 0.970251
Train Iter: 8860	Loss_d_metric: 0.966119
Train Iter: 8880	Loss_d_metric: 0.942031
Train Iter: 8900	Loss_d_metric: 0.946997
Train Iter: 8920	Loss_d_metric: 1.027289
Train Iter: 8940	Loss_d_metric: 0.944061
Train Iter: 8960	Loss_d_metric: 0.967438
Train Iter: 8980	Loss_d_metric: 0.918812
Train Iter: 9000	Loss_d_metric: 0.914243
Train Iter: 9020	Loss_d_metric: 0.926500
Train Iter: 9040	Loss_d_metric: 0.919520
Train Iter: 9060	Loss_d_metric: 0.950049
Train Iter: 9080	Loss_d_metric: 0.893405
Train Iter: 9100	Loss_d_metric: 0.962669
Train Iter: 9120	Loss_d_metric: 0.918659
Train Iter: 9140	Loss_d_metric: 0.936470
Train Iter: 9160	Loss_d_metric: 0.935795
Train Iter: 9180	Loss_d_metric: 0.949851
Train Iter: 9200	Loss_d_metric: 0.932993
Train Iter: 9220	Loss_d_metric: 0.973145
Train Iter: 9240	Loss_d_metric: 0.943587
Train Iter: 9260	Loss_d_metric: 0.918907
Train Iter: 9280	Loss_d_metric: 0.929052
Train Iter: 9300	Loss_d_metric: 0.927285
Train Iter: 9320	Loss_d_metric: 0.892422
Train Iter: 9340	Loss_d_metric: 0.924630
Train Iter: 9360	Loss_d_metric: 0.915257
Train Iter: 9380	Loss_d_metric: 0.965294
Train Iter: 9400	Loss_d_metric: 0.939379
Train Iter: 9420	Loss_d_metric: 0.961707
Train Iter: 9440	Loss_d_metric: 0.904802
Train Iter: 9460	Loss_d_metric: 0.921201
Train Iter: 9480	Loss_d_metric: 0.981277
Train Iter: 9500	Loss_d_metric: 0.966980
Train Iter: 9520	Loss_d_metric: 0.971777
Train Iter: 9540	Loss_d_metric: 0.867901
Train Iter: 9560	Loss_d_metric: 0.906602
Train Iter: 9580	Loss_d_metric: 0.897900
Train Iter: 9600	Loss_d_metric: 0.987503
Train Iter: 9620	Loss_d_metric: 0.938001
Train Iter: 9640	Loss_d_metric: 0.925647
Train Iter: 9660	Loss_d_metric: 0.882280
Train Iter: 9680	Loss_d_metric: 0.892458
Train Iter: 9700	Loss_d_metric: 0.966072
Train Iter: 9720	Loss_d_metric: 0.927728
Train Iter: 9740	Loss_d_metric: 1.011569
Train Iter: 9760	Loss_d_metric: 0.999351
Train Iter: 9780	Loss_d_metric: 0.893237
Train Iter: 9800	Loss_d_metric: 0.978094
Train Iter: 9820	Loss_d_metric: 0.921194
Train Iter: 9840	Loss_d_metric: 0.946903
Train Iter: 9860	Loss_d_metric: 0.904644
Train Iter: 9880	Loss_d_metric: 0.980780
Train Iter: 9900	Loss_d_metric: 0.886200
Train Iter: 9920	Loss_d_metric: 0.943629
Train Iter: 9940	Loss_d_metric: 0.949163
Train Iter: 9960	Loss_d_metric: 0.932915
Train Iter: 9980	Loss_d_metric: 0.870123

**** TESTING WITH val ***
579 correct from 1000 	Accuracy: 57.900%)
1157 correct from 2000 	Accuracy: 57.850%)
1741 correct from 3000 	Accuracy: 58.033%)
2321 correct from 4000 	Accuracy: 58.025%)
2889 correct from 5000 	Accuracy: 57.780%)
3441 correct from 6000 	Accuracy: 57.350%)
4026 correct from 7000 	Accuracy: 57.514%)
4602 correct from 8000 	Accuracy: 57.525%)
5180 correct from 9000 	Accuracy: 57.556%)
5772 correct from 10000 	Accuracy: 57.720%)
6342 correct from 11000 	Accuracy: 57.655%)
6946 correct from 12000 	Accuracy: 57.883%)
7532 correct from 13000 	Accuracy: 57.938%)
8133 correct from 14000 	Accuracy: 58.093%)
8725 correct from 15000 	Accuracy: 58.167%)
8725 correct from 15000 	Accuracy: 58.167%)
*** TEST FINISHED ***


**** TESTING WITH test ***
589 correct from 1000 	Accuracy: 58.900%)
1183 correct from 2000 	Accuracy: 59.150%)
1793 correct from 3000 	Accuracy: 59.767%)
2396 correct from 4000 	Accuracy: 59.900%)
2988 correct from 5000 	Accuracy: 59.760%)
3582 correct from 6000 	Accuracy: 59.700%)
4144 correct from 7000 	Accuracy: 59.200%)
4729 correct from 8000 	Accuracy: 59.112%)
5298 correct from 9000 	Accuracy: 58.867%)
5879 correct from 10000 	Accuracy: 58.790%)
6464 correct from 11000 	Accuracy: 58.764%)
7071 correct from 12000 	Accuracy: 58.925%)
7665 correct from 13000 	Accuracy: 58.962%)
8254 correct from 14000 	Accuracy: 58.957%)
8841 correct from 15000 	Accuracy: 58.940%)
8841 correct from 15000 	Accuracy: 58.940%)
*** TEST FINISHED ***


**** TESTING WITH train ***
673 correct from 1000 	Accuracy: 67.300%)
1357 correct from 2000 	Accuracy: 67.850%)
2028 correct from 3000 	Accuracy: 67.600%)
2028 correct from 3000 	Accuracy: 67.600%)
*** TEST FINISHED ***

Best test accuracy 58.9400 


**** TESTING WITH test ***
598 correct from 1000 	Accuracy: 59.800%)
1184 correct from 2000 	Accuracy: 59.200%)
1767 correct from 3000 	Accuracy: 58.900%)
2332 correct from 4000 	Accuracy: 58.300%)
2907 correct from 5000 	Accuracy: 58.140%)
3478 correct from 6000 	Accuracy: 57.967%)
4047 correct from 7000 	Accuracy: 57.814%)
4627 correct from 8000 	Accuracy: 57.837%)
5220 correct from 9000 	Accuracy: 58.000%)
5779 correct from 10000 	Accuracy: 57.790%)
6356 correct from 11000 	Accuracy: 57.782%)
6933 correct from 12000 	Accuracy: 57.775%)
7502 correct from 13000 	Accuracy: 57.708%)
8094 correct from 14000 	Accuracy: 57.814%)
8658 correct from 15000 	Accuracy: 57.720%)
9233 correct from 16000 	Accuracy: 57.706%)
9821 correct from 17000 	Accuracy: 57.771%)
10433 correct from 18000 	Accuracy: 57.961%)
11011 correct from 19000 	Accuracy: 57.953%)
11595 correct from 20000 	Accuracy: 57.975%)
12157 correct from 21000 	Accuracy: 57.890%)
12763 correct from 22000 	Accuracy: 58.014%)
13364 correct from 23000 	Accuracy: 58.104%)
13966 correct from 24000 	Accuracy: 58.192%)
14525 correct from 25000 	Accuracy: 58.100%)
15080 correct from 26000 	Accuracy: 58.000%)
15682 correct from 27000 	Accuracy: 58.081%)
16279 correct from 28000 	Accuracy: 58.139%)
16862 correct from 29000 	Accuracy: 58.145%)
17467 correct from 30000 	Accuracy: 58.223%)
17467 correct from 30000 	Accuracy: 58.223%)
*** TEST FINISHED ***

